<?xml version="1.0" encoding="UTF-8"?>
<!-- Generated by org.testng.reporters.JUnitReportReporter -->
<testsuite hostname="DESKTOP-76B9QQE" failures="0" tests="1" name="com.nijastore.testcases.TC_Editaccount_003" time="48.515" errors="0" timestamp="10 Apr 2020 17:22:58 GMT">
  <testcase classname="com.nijastore.testcases.TC_Editaccount_003" name="editaccount" time="48.515"/>
</testsuite> <!-- com.nijastore.testcases.TC_Editaccount_003 -->
