<?xml version="1.0" encoding="UTF-8"?>
<!-- Generated by org.testng.reporters.JUnitReportReporter -->
<testsuite hostname="DESKTOP-76B9QQE" failures="0" tests="1" name="com.nijastore.testcases.TC_ChangePassword_004" time="9.597" errors="0" timestamp="10 Apr 2020 17:23:00 GMT">
  <testcase classname="com.nijastore.testcases.TC_ChangePassword_004" name="Changepassword" time="9.597"/>
</testsuite> <!-- com.nijastore.testcases.TC_ChangePassword_004 -->
