<?xml version="1.0" encoding="UTF-8"?>
<!-- Generated by org.testng.reporters.JUnitReportReporter -->
<testsuite hostname="DESKTOP-76B9QQE" failures="0" tests="1" name="com.nijastore.testcases.TC_addCart_002" time="27.322" errors="0" timestamp="10 Apr 2020 17:23:01 GMT">
  <testcase classname="com.nijastore.testcases.TC_addCart_002" name="addcart" time="27.322"/>
</testsuite> <!-- com.nijastore.testcases.TC_addCart_002 -->
