<?xml version="1.0" encoding="UTF-8"?>
<!-- Generated by org.testng.reporters.JUnitReportReporter -->
<testsuite hostname="DESKTOP-76B9QQE" failures="0" tests="1" name="com.nijastore.testcases.TakeScreenshot" time="0.002" errors="1" timestamp="10 Apr 2020 13:21:43 GMT">
  <testcase classname="com.nijastore.testcases.TakeScreenshot" name="addcart" time="0.002">
    <error message="
Can&#039;t invoke public void com.nijastore.testcases.TC_addCart_002.addcart() throws java.lang.Exception: either make it static or add a no-args constructor to your class" type="org.testng.TestNGException">
      <![CDATA[org.testng.TestNGException: 
Can't invoke public void com.nijastore.testcases.TC_addCart_002.addcart() throws java.lang.Exception: either make it static or add a no-args constructor to your class
	at org.testng.internal.Utils.checkInstanceOrStatic(Utils.java:800)
	at org.testng.internal.MethodInvocationHelper.invokeMethod(MethodInvocationHelper.java:41)
	at org.testng.internal.Invoker.invokeMethod(Invoker.java:639)
	at org.testng.internal.Invoker.invokeTestMethod(Invoker.java:816)
	at org.testng.internal.Invoker.invokeTestMethods(Invoker.java:1124)
	at org.testng.internal.TestMethodWorker.invokeTestMethods(TestMethodWorker.java:125)
	at org.testng.internal.TestMethodWorker.run(TestMethodWorker.java:108)
	at org.testng.TestRunner.privateRun(TestRunner.java:774)
	at org.testng.TestRunner.run(TestRunner.java:624)
	at org.testng.SuiteRunner.runTest(SuiteRunner.java:359)
	at org.testng.SuiteRunner.runSequentially(SuiteRunner.java:354)
	at org.testng.SuiteRunner.privateRun(SuiteRunner.java:312)
	at org.testng.SuiteRunner.run(SuiteRunner.java:261)
	at org.testng.SuiteRunnerWorker.runSuite(SuiteRunnerWorker.java:52)
	at org.testng.SuiteRunnerWorker.run(SuiteRunnerWorker.java:86)
	at org.testng.TestNG.runSuitesSequentially(TestNG.java:1215)
	at org.testng.TestNG.runSuitesLocally(TestNG.java:1140)
	at org.testng.TestNG.run(TestNG.java:1048)
	at org.testng.remote.AbstractRemoteTestNG.run(AbstractRemoteTestNG.java:115)
	at org.testng.remote.RemoteTestNG.initAndRun(RemoteTestNG.java:251)
	at org.testng.remote.RemoteTestNG.main(RemoteTestNG.java:77)
]]>
    </error>
  </testcase> <!-- addcart -->
</testsuite> <!-- com.nijastore.testcases.TakeScreenshot -->
