<?xml version="1.0" encoding="UTF-8"?>
<!-- Generated by org.testng.reporters.JUnitReportReporter -->
<testsuite hostname="DESKTOP-76B9QQE" failures="0" tests="1" name="com.nijastore.testcases.Testcases" time="24.816" errors="0" timestamp="10 Apr 2020 13:21:45 GMT">
  <testcase classname="com.nijastore.testcases.Testcases" name="login" time="24.816"/>
</testsuite> <!-- com.nijastore.testcases.Testcases -->
